# JRE version: Java(TM) SE Runtime Environment (8.0_161-b12) (build 1.8.0_161-b12)
# Java VM: Java HotSpot(TM) 64-Bit Server VM (25.161-b12 mixed mode linux-amd64 compressed oops)
Heap:
 garbage-first heap   total 126976K, used 34072K [0x00000000c0000000, 0x00000000c01003e0, 0x0000000100000000)
  region size 1024K, 3 young (3072K), 3 survivors (3072K)
 Metaspace       used 43249K, capacity 45622K, committed 45824K, reserved 1089536K
  class space    used 4686K, capacity 5526K, committed 5632K, reserved 1048576K
GC Heap History (10 events):
Event: 17.614 GC heap after
Heap after GC invocations=17 (full 0):
 garbage-first heap   total 63488K, used 36791K [0x00000000c0000000, 0x00000000c01001f0, 0x0000000100000000)
  region size 1024K, 3 young (3072K), 3 survivors (3072K)
 Metaspace       used 40281K, capacity 42690K, committed 42880K, reserved 1087488K
  class space    used 4411K, capacity 5194K, committed 5248K, reserved 1048576K
}
Event: 18.102 GC heap before
{Heap before GC invocations=18 (full 0):
 garbage-first heap   total 63488K, used 52663K [0x00000000c0000000, 0x00000000c01001f0, 0x0000000100000000)
  region size 1024K, 19 young (19456K), 3 survivors (3072K)
 Metaspace       used 41705K, capacity 44144K, committed 44288K, reserved 1087488K
  class space    used 4533K, capacity 5333K, committed 5376K, reserved 1048576K
Event: 18.126 GC heap after
Heap after GC invocations=19 (full 0):
 garbage-first heap   total 63488K, used 39936K [0x00000000c0000000, 0x00000000c01001f0, 0x0000000100000000)
  region size 1024K, 3 young (3072K), 3 survivors (3072K)
 Metaspace       used 41705K, capacity 44144K, committed 44288K, reserved 1087488K
  class space    used 4533K, capacity 5333K, committed 5376K, reserved 1048576K
}
Event: 18.147 GC heap before
{Heap before GC invocations=19 (full 0):
 garbage-first heap   total 63488K, used 40960K [0x00000000c0000000, 0x00000000c01001f0, 0x0000000100000000)
  region size 1024K, 4 young (4096K), 3 survivors (3072K)
 Metaspace       used 41791K, capacity 44208K, committed 44288K, reserved 1087488K
  class space    used 4544K, capacity 5333K, committed 5376K, reserved 1048576K
Event: 18.207 GC heap after
Heap after GC invocations=20 (full 0):
 garbage-first heap   total 63488K, used 36157K [0x00000000c0000000, 0x00000000c01001f0, 0x0000000100000000)
  region size 1024K, 1 young (1024K), 1 survivors (1024K)
 Metaspace       used 41791K, capacity 44208K, committed 44288K, reserved 1087488K
  class space    used 4544K, capacity 5333K, committed 5376K, reserved 1048576K
}
Event: 18.249 GC heap before
{Heap before GC invocations=20 (full 0):
 garbage-first heap   total 63488K, used 38205K [0x00000000c0000000, 0x00000000c01001f0, 0x0000000100000000)
  region size 1024K, 3 young (3072K), 1 survivors (1024K)
 Metaspace       used 41953K, capacity 44374K, committed 44544K, reserved 1089536K
  class space    used 4560K, capacity 5366K, committed 5376K, reserved 1048576K
Event: 18.373 GC heap after
Heap after GC invocations=21 (full 0):
 garbage-first heap   total 63488K, used 33150K [0x00000000c0000000, 0x00000000c01001f0, 0x0000000100000000)
  region size 1024K, 1 young (1024K), 1 survivors (1024K)
 Metaspace       used 41953K, capacity 44374K, committed 44544K, reserved 1089536K
  class space    used 4560K, capacity 5366K, committed 5376K, reserved 1048576K
}
Event: 18.477 GC heap before
{Heap before GC invocations=21 (full 0):
 garbage-first heap   total 63488K, used 35198K [0x00000000c0000000, 0x00000000c01001f0, 0x0000000100000000)
  region size 1024K, 3 young (3072K), 1 survivors (1024K)
 Metaspace       used 42012K, capacity 44470K, committed 44672K, reserved 1089536K
  class space    used 4567K, capacity 5398K, committed 5504K, reserved 1048576K
Event: 18.585 GC heap after
Heap after GC invocations=22 (full 0):
 garbage-first heap   total 63488K, used 32768K [0x00000000c0000000, 0x00000000c01001f0, 0x0000000100000000)
  region size 1024K, 1 young (1024K), 1 survivors (1024K)
 Metaspace       used 42012K, capacity 44470K, committed 44672K, reserved 1089536K
  class space    used 4567K, capacity 5398K, committed 5504K, reserved 1048576K
}
Event: 19.497 GC heap before
{Heap before GC invocations=22 (full 0):
 garbage-first heap   total 63488K, used 52224K [0x00000000c0000000, 0x00000000c01001f0, 0x0000000100000000)
  region size 1024K, 20 young (20480K), 1 survivors (1024K)
 Metaspace       used 43249K, capacity 45622K, committed 45824K, reserved 1089536K
  class space    used 4686K, capacity 5526K, committed 5632K, reserved 1048576K

